<?xml version="1.0" encoding="UTF-8"?>
<Site BuildName="(empty)"
	BuildStamp="20240407-1338-Experimental"
	Name="zlx-VirtualBox"
	Generator="ctest-3.16.3"
	CompilerName="/usr/bin/c++"
	CompilerVersion="9.4.0"
	OSName="Linux"
	Hostname="zlx-VirtualBox"
	OSRelease="5.15.0-101-generic"
	OSVersion="#111~20.04.1-Ubuntu SMP Mon Mar 11 15:44:43 UTC 2024"
	OSPlatform="x86_64"
	Is64Bits="1"
	VendorString="GenuineIntel"
	VendorID="Intel Corporation"
	FamilyID="6"
	ModelID="142"
	ProcessorCacheSize="3072"
	NumberOfLogicalCPU="1"
	NumberOfPhysicalCPU="1"
	TotalVirtualMemory="2047"
	TotalPhysicalMemory="3912"
	LogicalProcessorsPerPhysical="1"
	ProcessorClockFrequency="2712"
	>
	<Testing>
		<StartDateTime>Apr 07 22:38 JST</StartDateTime>
		<StartTestTime>1712497113</StartTestTime>
		<TestList/>
		<EndDateTime>Apr 07 22:38 JST</EndDateTime>
		<EndTestTime>1712497113</EndTestTime>
		<ElapsedMinutes>0</ElapsedMinutes>
	</Testing>
</Site>
